#
# There is insufficient memory for the Java Runtime Environment to continue.
# Native memory allocation (malloc) failed to allocate 151376 bytes for Chunk::new
# Possible reasons:
#   The system is out of physical RAM or swap space
#   The process is running with CompressedOops enabled, and the Java Heap may be blocking the growth of the native heap
# Possible solutions:
#   Reduce memory load on the system
#   Increase physical memory or swap space
#   Check if swap backing store is full
#   Decrease Java heap size (-Xmx/-Xms)
#   Decrease number of Java threads
#   Decrease Java thread stack sizes (-Xss)
#   Set larger code cache with -XX:ReservedCodeCacheSize=
#   JVM is running with Unscaled Compressed Oops mode in which the Java heap is
#     placed in the first 4GB address space. The Java Heap base address is the
#     maximum limit for the native heap growth. Please use -XX:HeapBaseMinAddress
#     to set the Java Heap base and to place the Java Heap above 4GB virtual address.
# This output file may be truncated or incomplete.
#
#  Out of Memory Error (t:/workspace/open/src/hotspot/share/memory/arena.cpp:196), pid=15248, tid=4020
#
# JRE version: Java(TM) SE Runtime Environment (13.0.2+8) (build 13.0.2+8)
# Java VM: Java HotSpot(TM) 64-Bit Server VM (13.0.2+8, mixed mode, sharing, tiered, compressed oops, g1 gc, windows-amd64)
# No core dump will be written. Minidumps are not enabled by default on client versions of Windows
#

---------------  S U M M A R Y ------------

Command Line: -Dfile.encoding=Cp1252 Assignment.Window1

Host: Intel(R) Pentium(R) Silver N5000 CPU @ 1.10GHz, 4 cores, 3G,  Windows 10 , 64 bit Build 18362 (10.0.18362.1350)
Time: Fri Feb 26 00:11:38 2021 Malay Peninsula Standard Time elapsed time: 1 seconds (0d 0h 0m 1s)

---------------  T H R E A D  ---------------

Current thread (0x000001e77f920800):  JavaThread "C2 CompilerThread0" daemon [_thread_in_native, id=4020, stack(0x00000079c8700000,0x00000079c8800000)]


Current CompileTask:
C2:   1555  919       4       java.util.HashMap::put (13 bytes)

Stack: [0x00000079c8700000,0x00000079c8800000]
Native frames: (J=compiled Java code, j=interpreted, Vv=VM code, C=native code)
V  [jvm.dll+0x624f9a]
V  [jvm.dll+0x770cfa]
V  [jvm.dll+0x7724af]
V  [jvm.dll+0x772ab3]
V  [jvm.dll+0x24bf08]
V  [jvm.dll+0xc1e47]
V  [jvm.dll+0xc23cc]
V  [jvm.dll+0x35c068]
V  [jvm.dll+0x327803]
V  [jvm.dll+0x326bda]
V  [jvm.dll+0x205c27]
V  [jvm.dll+0x204e3f]
V  [jvm.dll+0x189c2c]
V  [jvm.dll+0x213e6d]
V  [jvm.dll+0x2120bb]
V  [jvm.dll+0x736bb6]
V  [jvm.dll+0x72fcaa]
V  [jvm.dll+0x623ea6]
C  [ucrtbase.dll+0x210b2]
C  [KERNEL32.DLL+0x17c24]
C  [ntdll.dll+0x6d721]


---------------  P R O C E S S  ---------------

Threads class SMR info:
_java_thread_list=0x000001e71402cd50, length=14, elements={
0x000001e77688b000, 0x000001e77f8f5800, 0x000001e77f8fa000, 0x000001e77f914800,
0x000001e77f917800, 0x000001e77f920800, 0x000001e77f928800, 0x000001e77f935000,
0x000001e77fb53000, 0x000001e77fb5c800, 0x000001e77fe3c000, 0x000001e77fe42800,
0x000001e77fe4d000, 0x000001e714097800
}

Java Threads: ( => current thread )
  0x000001e77688b000 JavaThread "main" [_thread_in_vm, id=19276, stack(0x00000079c7c00000,0x00000079c7d00000)]
  0x000001e77f8f5800 JavaThread "Reference Handler" daemon [_thread_blocked, id=8876, stack(0x00000079c8300000,0x00000079c8400000)]
  0x000001e77f8fa000 JavaThread "Finalizer" daemon [_thread_blocked, id=7488, stack(0x00000079c8400000,0x00000079c8500000)]
  0x000001e77f914800 JavaThread "Signal Dispatcher" daemon [_thread_blocked, id=6200, stack(0x00000079c8500000,0x00000079c8600000)]
  0x000001e77f917800 JavaThread "Attach Listener" daemon [_thread_blocked, id=21228, stack(0x00000079c8600000,0x00000079c8700000)]
=>0x000001e77f920800 JavaThread "C2 CompilerThread0" daemon [_thread_in_native, id=4020, stack(0x00000079c8700000,0x00000079c8800000)]
  0x000001e77f928800 JavaThread "C1 CompilerThread0" daemon [_thread_in_vm, id=5416, stack(0x00000079c8800000,0x00000079c8900000)]
  0x000001e77f935000 JavaThread "Sweeper thread" daemon [_thread_blocked, id=2212, stack(0x00000079c8900000,0x00000079c8a00000)]
  0x000001e77fb53000 JavaThread "Service Thread" daemon [_thread_blocked, id=8108, stack(0x00000079c8a00000,0x00000079c8b00000)]
  0x000001e77fb5c800 JavaThread "Common-Cleaner" daemon [_thread_blocked, id=1420, stack(0x00000079c8c00000,0x00000079c8d00000)]
  0x000001e77fe3c000 JavaThread "Java2D Disposer" daemon [_thread_blocked, id=912, stack(0x00000079c8d00000,0x00000079c8e00000)]
  0x000001e77fe42800 JavaThread "AWT-Shutdown" [_thread_blocked, id=9680, stack(0x00000079c8e00000,0x00000079c8f00000)]
  0x000001e77fe4d000 JavaThread "AWT-Windows" daemon [_thread_in_native, id=2676, stack(0x00000079c8f00000,0x00000079c9000000)]
  0x000001e714097800 JavaThread "AWT-EventQueue-0" [_thread_blocked, id=244, stack(0x00000079c9000000,0x00000079c9100000)]

Other Threads:
  0x000001e77f8f2800 VMThread "VM Thread" [stack: 0x00000079c8200000,0x00000079c8300000] [id=9060]
  0x000001e77fb57800 WatcherThread [stack: 0x00000079c8b00000,0x00000079c8c00000] [id=21792]
  0x000001e7768bc000 GCTaskThread "GC Thread#0" [stack: 0x00000079c7d00000,0x00000079c7e00000] [id=21960]
  0x000001e7768c6000 ConcurrentGCThread "G1 Main Marker" [stack: 0x00000079c7e00000,0x00000079c7f00000] [id=15288]
  0x000001e7768c7000 ConcurrentGCThread "G1 Conc#0" [stack: 0x00000079c7f00000,0x00000079c8000000] [id=15372]
  0x000001e77690f000 ConcurrentGCThread "G1 Refine#0" [stack: 0x00000079c8000000,0x00000079c8100000] [id=18408]
  0x000001e776912000 ConcurrentGCThread "G1 Young RemSet Sampling" [stack: 0x00000079c8100000,0x00000079c8200000] [id=10348]

Threads with active compile tasks:
C2 CompilerThread0     1614  919       4       java.util.HashMap::put (13 bytes)
C1 CompilerThread0     1615  940       3       jdk.internal.org.objectweb.asm.Type::getDescriptor (90 bytes)

VM state:not at safepoint (normal execution)

VM Mutex/Monitor currently owned by a thread:  ([mutex/lock_event])
[0x000001e7768873e0] MethodData_lock - owner thread: 0x0000000000000000

Heap address: 0x00000000c3000000, size: 976 MB, Compressed Oops mode: 32-bit
Narrow klass base: 0x0000000800000000, Narrow klass shift: 3
Compressed class space size: 1073741824 Address: 0x0000000800b40000

Heap:
 garbage-first heap   total 63488K, used 6144K [0x00000000c3000000, 0x0000000100000000)
  region size 1024K, 7 young (7168K), 0 survivors (0K)
 Metaspace       used 9135K, capacity 9376K, committed 9472K, reserved 1056768K
  class space    used 1091K, capacity 1218K, committed 1280K, reserved 1048576K
Heap Regions: E=young(eden), S=young(survivor), O=old, HS=humongous(starts), HC=humongous(continues), CS=collection set, F=free, A=archive, TAMS=top-at-mark-start (previous, next)
|   0|0x00000000c3000000, 0x00000000c3000000, 0x00000000c3100000|  0%| F|  |TAMS 0x00000000c3000000, 0x00000000c3000000| Untracked 
|   1|0x00000000c3100000, 0x00000000c3100000, 0x00000000c3200000|  0%| F|  |TAMS 0x00000000c3100000, 0x00000000c3100000| Untracked 
|   2|0x00000000c3200000, 0x00000000c3200000, 0x00000000c3300000|  0%| F|  |TAMS 0x00000000c3200000, 0x00000000c3200000| Untracked 
|   3|0x00000000c3300000, 0x00000000c3300000, 0x00000000c3400000|  0%| F|  |TAMS 0x00000000c3300000, 0x00000000c3300000| Untracked 
|   4|0x00000000c3400000, 0x00000000c3400000, 0x00000000c3500000|  0%| F|  |TAMS 0x00000000c3400000, 0x00000000c3400000| Untracked 
|   5|0x00000000c3500000, 0x00000000c3500000, 0x00000000c3600000|  0%| F|  |TAMS 0x00000000c3500000, 0x00000000c3500000| Untracked 
|   6|0x00000000c3600000, 0x00000000c3600000, 0x00000000c3700000|  0%| F|  |TAMS 0x00000000c3600000, 0x00000000c3600000| Untracked 
|   7|0x00000000c3700000, 0x00000000c3700000, 0x00000000c3800000|  0%| F|  |TAMS 0x00000000c3700000, 0x00000000c3700000| Untracked 
|   8|0x00000000c3800000, 0x00000000c3800000, 0x00000000c3900000|  0%| F|  |TAMS 0x00000000c3800000, 0x00000000c3800000| Untracked 
|   9|0x00000000c3900000, 0x00000000c3900000, 0x00000000c3a00000|  0%| F|  |TAMS 0x00000000c3900000, 0x00000000c3900000| Untracked 
|  10|0x00000000c3a00000, 0x00000000c3a00000, 0x00000000c3b00000|  0%| F|  |TAMS 0x00000000c3a00000, 0x00000000c3a00000| Untracked 
|  11|0x00000000c3b00000, 0x00000000c3b00000, 0x00000000c3c00000|  0%| F|  |TAMS 0x00000000c3b00000, 0x00000000c3b00000| Untracked 
|  12|0x00000000c3c00000, 0x00000000c3c00000, 0x00000000c3d00000|  0%| F|  |TAMS 0x00000000c3c00000, 0x00000000c3c00000| Untracked 
|  13|0x00000000c3d00000, 0x00000000c3d00000, 0x00000000c3e00000|  0%| F|  |TAMS 0x00000000c3d00000, 0x00000000c3d00000| Untracked 
|  14|0x00000000c3e00000, 0x00000000c3e00000, 0x00000000c3f00000|  0%| F|  |TAMS 0x00000000c3e00000, 0x00000000c3e00000| Untracked 
|  15|0x00000000c3f00000, 0x00000000c3f00000, 0x00000000c4000000|  0%| F|  |TAMS 0x00000000c3f00000, 0x00000000c3f00000| Untracked 
|  16|0x00000000c4000000, 0x00000000c4000000, 0x00000000c4100000|  0%| F|  |TAMS 0x00000000c4000000, 0x00000000c4000000| Untracked 
|  17|0x00000000c4100000, 0x00000000c4100000, 0x00000000c4200000|  0%| F|  |TAMS 0x00000000c4100000, 0x00000000c4100000| Untracked 
|  18|0x00000000c4200000, 0x00000000c4200000, 0x00000000c4300000|  0%| F|  |TAMS 0x00000000c4200000, 0x00000000c4200000| Untracked 
|  19|0x00000000c4300000, 0x00000000c4300000, 0x00000000c4400000|  0%| F|  |TAMS 0x00000000c4300000, 0x00000000c4300000| Untracked 
|  20|0x00000000c4400000, 0x00000000c4400000, 0x00000000c4500000|  0%| F|  |TAMS 0x00000000c4400000, 0x00000000c4400000| Untracked 
|  21|0x00000000c4500000, 0x00000000c4500000, 0x00000000c4600000|  0%| F|  |TAMS 0x00000000c4500000, 0x00000000c4500000| Untracked 
|  22|0x00000000c4600000, 0x00000000c4600000, 0x00000000c4700000|  0%| F|  |TAMS 0x00000000c4600000, 0x00000000c4600000| Untracked 
|  23|0x00000000c4700000, 0x00000000c4700000, 0x00000000c4800000|  0%| F|  |TAMS 0x00000000c4700000, 0x00000000c4700000| Untracked 
|  24|0x00000000c4800000, 0x00000000c4800000, 0x00000000c4900000|  0%| F|  |TAMS 0x00000000c4800000, 0x00000000c4800000| Untracked 
|  25|0x00000000c4900000, 0x00000000c4900000, 0x00000000c4a00000|  0%| F|  |TAMS 0x00000000c4900000, 0x00000000c4900000| Untracked 
|  26|0x00000000c4a00000, 0x00000000c4a00000, 0x00000000c4b00000|  0%| F|  |TAMS 0x00000000c4a00000, 0x00000000c4a00000| Untracked 
|  27|0x00000000c4b00000, 0x00000000c4b00000, 0x00000000c4c00000|  0%| F|  |TAMS 0x00000000c4b00000, 0x00000000c4b00000| Untracked 
|  28|0x00000000c4c00000, 0x00000000c4c00000, 0x00000000c4d00000|  0%| F|  |TAMS 0x00000000c4c00000, 0x00000000c4c00000| Untracked 
|  29|0x00000000c4d00000, 0x00000000c4d00000, 0x00000000c4e00000|  0%| F|  |TAMS 0x00000000c4d00000, 0x00000000c4d00000| Untracked 
|  30|0x00000000c4e00000, 0x00000000c4e00000, 0x00000000c4f00000|  0%| F|  |TAMS 0x00000000c4e00000, 0x00000000c4e00000| Untracked 
|  31|0x00000000c4f00000, 0x00000000c4f00000, 0x00000000c5000000|  0%| F|  |TAMS 0x00000000c4f00000, 0x00000000c4f00000| Untracked 
|  32|0x00000000c5000000, 0x00000000c5000000, 0x00000000c5100000|  0%| F|  |TAMS 0x00000000c5000000, 0x00000000c5000000| Untracked 
|  33|0x00000000c5100000, 0x00000000c5100000, 0x00000000c5200000|  0%| F|  |TAMS 0x00000000c5100000, 0x00000000c5100000| Untracked 
|  34|0x00000000c5200000, 0x00000000c5200000, 0x00000000c5300000|  0%| F|  |TAMS 0x00000000c5200000, 0x00000000c5200000| Untracked 
|  35|0x00000000c5300000, 0x00000000c5300000, 0x00000000c5400000|  0%| F|  |TAMS 0x00000000c5300000, 0x00000000c5300000| Untracked 
|  36|0x00000000c5400000, 0x00000000c5400000, 0x00000000c5500000|  0%| F|  |TAMS 0x00000000c5400000, 0x00000000c5400000| Untracked 
|  37|0x00000000c5500000, 0x00000000c5500000, 0x00000000c5600000|  0%| F|  |TAMS 0x00000000c5500000, 0x00000000c5500000| Untracked 
|  38|0x00000000c5600000, 0x00000000c5600000, 0x00000000c5700000|  0%| F|  |TAMS 0x00000000c5600000, 0x00000000c5600000| Untracked 
|  39|0x00000000c5700000, 0x00000000c5700000, 0x00000000c5800000|  0%| F|  |TAMS 0x00000000c5700000, 0x00000000c5700000| Untracked 
|  40|0x00000000c5800000, 0x00000000c5800000, 0x00000000c5900000|  0%| F|  |TAMS 0x00000000c5800000, 0x00000000c5800000| Untracked 
|  41|0x00000000c5900000, 0x00000000c5900000, 0x00000000c5a00000|  0%| F|  |TAMS 0x00000000c5900000, 0x00000000c5900000| Untracked 
|  42|0x00000000c5a00000, 0x00000000c5a00000, 0x00000000c5b00000|  0%| F|  |TAMS 0x00000000c5a00000, 0x00000000c5a00000| Untracked 
|  43|0x00000000c5b00000, 0x00000000c5b00000, 0x00000000c5c00000|  0%| F|  |TAMS 0x00000000c5b00000, 0x00000000c5b00000| Untracked 
|  44|0x00000000c5c00000, 0x00000000c5c00000, 0x00000000c5d00000|  0%| F|  |TAMS 0x00000000c5c00000, 0x00000000c5c00000| Untracked 
|  45|0x00000000c5d00000, 0x00000000c5d00000, 0x00000000c5e00000|  0%| F|  |TAMS 0x00000000c5d00000, 0x00000000c5d00000| Untracked 
|  46|0x00000000c5e00000, 0x00000000c5e00000, 0x00000000c5f00000|  0%| F|  |TAMS 0x00000000c5e00000, 0x00000000c5e00000| Untracked 
|  47|0x00000000c5f00000, 0x00000000c5f00000, 0x00000000c6000000|  0%| F|  |TAMS 0x00000000c5f00000, 0x00000000c5f00000| Untracked 
|  48|0x00000000c6000000, 0x00000000c6000000, 0x00000000c6100000|  0%| F|  |TAMS 0x00000000c6000000, 0x00000000c6000000| Untracked 
|  49|0x00000000c6100000, 0x00000000c6100000, 0x00000000c6200000|  0%| F|  |TAMS 0x00000000c6100000, 0x00000000c6100000| Untracked 
|  50|0x00000000c6200000, 0x00000000c6200000, 0x00000000c6300000|  0%| F|  |TAMS 0x00000000c6200000, 0x00000000c6200000| Untracked 
|  51|0x00000000c6300000, 0x00000000c6300000, 0x00000000c6400000|  0%| F|  |TAMS 0x00000000c6300000, 0x00000000c6300000| Untracked 
|  52|0x00000000c6400000, 0x00000000c6400000, 0x00000000c6500000|  0%| F|  |TAMS 0x00000000c6400000, 0x00000000c6400000| Untracked 
|  53|0x00000000c6500000, 0x00000000c6500000, 0x00000000c6600000|  0%| F|  |TAMS 0x00000000c6500000, 0x00000000c6500000| Untracked 
|  54|0x00000000c6600000, 0x00000000c6600000, 0x00000000c6700000|  0%| F|  |TAMS 0x00000000c6600000, 0x00000000c6600000| Untracked 
|  55|0x00000000c6700000, 0x00000000c678fe00, 0x00000000c6800000| 56%| E|  |TAMS 0x00000000c6700000, 0x00000000c6700000| Complete 
|  56|0x00000000c6800000, 0x00000000c6900000, 0x00000000c6900000|100%| E|CS|TAMS 0x00000000c6800000, 0x00000000c6800000| Complete 
|  57|0x00000000c6900000, 0x00000000c6a00000, 0x00000000c6a00000|100%| E|CS|TAMS 0x00000000c6900000, 0x00000000c6900000| Complete 
|  58|0x00000000c6a00000, 0x00000000c6b00000, 0x00000000c6b00000|100%| E|CS|TAMS 0x00000000c6a00000, 0x00000000c6a00000| Complete 
|  59|0x00000000c6b00000, 0x00000000c6c00000, 0x00000000c6c00000|100%| E|CS|TAMS 0x00000000c6b00000, 0x00000000c6b00000| Complete 
|  60|0x00000000c6c00000, 0x00000000c6d00000, 0x00000000c6d00000|100%| E|CS|TAMS 0x00000000c6c00000, 0x00000000c6c00000| Complete 
|  61|0x00000000c6d00000, 0x00000000c6e00000, 0x00000000c6e00000|100%| E|CS|TAMS 0x00000000c6d00000, 0x00000000c6d00000| Complete 

Card table byte_map: [0x000001e77ef80000,0x000001e77f170000] _byte_map_base: 0x000001e77e968000

Marking Bits (Prev, Next): (CMBitMap*) 0x000001e7768bcc88, (CMBitMap*) 0x000001e7768bccc8
 Prev Bits: [0x000001e70f000000, 0x000001e70ff40000)
 Next Bits: [0x000001e70ff40000, 0x000001e710e80000)

Polling page: 0x000001e774650000

Metaspace:

Usage:
  Non-class:      7.97 MB capacity,     7.86 MB ( 99%) used,    90.56 KB (  1%) free+waste,    20.50 KB ( <1%) overhead. 
      Class:      1.19 MB capacity,     1.07 MB ( 90%) used,   112.86 KB (  9%) free+waste,    13.13 KB (  1%) overhead. 
       Both:      9.16 MB capacity,     8.92 MB ( 97%) used,   203.42 KB (  2%) free+waste,    33.63 KB ( <1%) overhead. 

Virtual space:
  Non-class space:        8.00 MB reserved,       8.00 MB (100%) committed 
      Class space:        1.00 GB reserved,       1.25 MB ( <1%) committed 
             Both:        1.01 GB reserved,       9.25 MB ( <1%) committed 

Chunk freelists:
   Non-Class:  34.00 KB
       Class:  0 bytes
        Both:  34.00 KB

MaxMetaspaceSize: 17179869184.00 GB
CompressedClassSpaceSize: 1.00 GB

CodeHeap 'non-profiled nmethods': size=120000Kb used=251Kb max_used=251Kb free=119749Kb
 bounds [0x000001e707ad0000, 0x000001e707d40000, 0x000001e70f000000]
CodeHeap 'profiled nmethods': size=120000Kb used=1601Kb max_used=1601Kb free=118398Kb
 bounds [0x000001e7005a0000, 0x000001e700810000, 0x000001e707ad0000]
CodeHeap 'non-nmethods': size=5760Kb used=1280Kb max_used=1280Kb free=4479Kb
 bounds [0x000001e700000000, 0x000001e700270000, 0x000001e7005a0000]
 total_blobs=1892 nmethods=942 adapters=475
 compilation: enabled
              stopped_count=0, restarted_count=0
 full_count=0

Compilation events (20 events):
Event: 1.530 Thread 0x000001e77f928800 nmethod 909 0x000001e70071f690 code [0x000001e70071f860, 0x000001e70071ff40]
Event: 1.530 Thread 0x000001e77f928800  911       3       javax.swing.text.StyleContext$SmallAttributeSet::getAttributeCount (8 bytes)
Event: 1.530 Thread 0x000001e77f928800 nmethod 911 0x000001e700720090 code [0x000001e700720240, 0x000001e7007203f8]
Event: 1.530 Thread 0x000001e77f928800  910       1       javax.swing.text.AbstractDocument$AbstractElement::getParentElement (5 bytes)
Event: 1.530 Thread 0x000001e77f928800 nmethod 910 0x000001e707b0c990 code [0x000001e707b0cb20, 0x000001e707b0cc58]
Event: 1.534 Thread 0x000001e77f928800  912   !   3       sun.nio.ch.FileChannelImpl::position (258 bytes)
Event: 1.536 Thread 0x000001e77f928800 nmethod 912 0x000001e700720510 code [0x000001e700720800, 0x000001e700721930]
Event: 1.536 Thread 0x000001e77f928800  913       3       sun.nio.ch.FileDispatcherImpl::seek (6 bytes)
Event: 1.536 Thread 0x000001e77f928800 nmethod 913 0x000001e700722110 code [0x000001e7007222c0, 0x000001e700722470]
Event: 1.536 Thread 0x000001e77f928800  915   !   3       sun.nio.ch.FileChannelImpl::read (266 bytes)
Event: 1.537 Thread 0x000001e77f928800 nmethod 915 0x000001e700722510 code [0x000001e700722820, 0x000001e700723970]
Event: 1.537 Thread 0x000001e77f928800  916       3       javax.swing.text.GlyphView::getEndOffset (38 bytes)
Event: 1.538 Thread 0x000001e77f928800 nmethod 916 0x000001e700724190 code [0x000001e700724360, 0x000001e7007247a0]
Event: 1.538 Thread 0x000001e77f928800  917       3       javax.swing.text.GlyphView::getStartOffset (33 bytes)
Event: 1.538 Thread 0x000001e77f928800 nmethod 917 0x000001e700724890 code [0x000001e700724a60, 0x000001e700724ea0]
Event: 1.542 Thread 0x000001e77f928800  918       3       java.security.AccessController::executePrivileged (65 bytes)
Event: 1.542 Thread 0x000001e77f928800 nmethod 918 0x000001e700724f90 code [0x000001e700725160, 0x000001e7007254c0]
Event: 1.544 Thread 0x000001e77f920800  919       4       java.util.HashMap::put (13 bytes)
Event: 1.544 Thread 0x000001e77f928800  920       3       java.util.HashSet::contains (9 bytes)
Event: 1.544 Thread 0x000001e77f928800 nmethod 920 0x000001e700725610 code [0x000001e7007257c0, 0x000001e700725a10]

GC Heap History (0 events):
No events

Deoptimization events (20 events):
Event: 1.121 Thread 0x000001e77688b000 Uncommon trap: trap_request=0xffffffde fr.pc=0x000001e707af29b4 relative=0x0000000000000194
Event: 1.121 Thread 0x000001e77688b000 Uncommon trap: reason=class_check action=maybe_recompile pc=0x000001e707af29b4 method=java.lang.String.equals(Ljava/lang/Object;)Z @ 8 c2
Event: 1.121 Thread 0x000001e77688b000 DEOPT PACKING pc=0x000001e707af29b4 sp=0x00000079c7cfef20
Event: 1.121 Thread 0x000001e77688b000 DEOPT UNPACKING pc=0x000001e700049429 sp=0x00000079c7cfeec8 mode 2
Event: 1.125 Thread 0x000001e77688b000 Uncommon trap: trap_request=0xffffffde fr.pc=0x000001e707af29b4 relative=0x0000000000000194
Event: 1.125 Thread 0x000001e77688b000 Uncommon trap: reason=class_check action=maybe_recompile pc=0x000001e707af29b4 method=java.lang.String.equals(Ljava/lang/Object;)Z @ 8 c2
Event: 1.125 Thread 0x000001e77688b000 DEOPT PACKING pc=0x000001e707af29b4 sp=0x00000079c7cfed30
Event: 1.125 Thread 0x000001e77688b000 DEOPT UNPACKING pc=0x000001e700049429 sp=0x00000079c7cfecd8 mode 2
Event: 1.125 Thread 0x000001e77688b000 Uncommon trap: trap_request=0xffffffde fr.pc=0x000001e707af29b4 relative=0x0000000000000194
Event: 1.125 Thread 0x000001e77688b000 Uncommon trap: reason=class_check action=maybe_recompile pc=0x000001e707af29b4 method=java.lang.String.equals(Ljava/lang/Object;)Z @ 8 c2
Event: 1.125 Thread 0x000001e77688b000 DEOPT PACKING pc=0x000001e707af29b4 sp=0x00000079c7cfecc0
Event: 1.125 Thread 0x000001e77688b000 DEOPT UNPACKING pc=0x000001e700049429 sp=0x00000079c7cfec68 mode 2
Event: 1.544 Thread 0x000001e77fe4d000 Uncommon trap: trap_request=0xffffffde fr.pc=0x000001e707b07d70 relative=0x0000000000000710
Event: 1.544 Thread 0x000001e77fe4d000 Uncommon trap: reason=class_check action=maybe_recompile pc=0x000001e707b07d70 method=java.util.HashMap.putVal(ILjava/lang/Object;Ljava/lang/Object;ZZ)Ljava/lang/Object; @ 91 c2
Event: 1.544 Thread 0x000001e77fe4d000 DEOPT PACKING pc=0x000001e707b07d70 sp=0x00000079c8ffded0
Event: 1.544 Thread 0x000001e77fe4d000 DEOPT UNPACKING pc=0x000001e700049429 sp=0x00000079c8ffde50 mode 2
Event: 1.544 Thread 0x000001e77fe4d000 Uncommon trap: trap_request=0xffffffde fr.pc=0x000001e707b07d70 relative=0x0000000000000710
Event: 1.544 Thread 0x000001e77fe4d000 Uncommon trap: reason=class_check action=maybe_recompile pc=0x000001e707b07d70 method=java.util.HashMap.putVal(ILjava/lang/Object;Ljava/lang/Object;ZZ)Ljava/lang/Object; @ 91 c2
Event: 1.544 Thread 0x000001e77fe4d000 DEOPT PACKING pc=0x000001e707b07d70 sp=0x00000079c8ffded0
Event: 1.544 Thread 0x000001e77fe4d000 DEOPT UNPACKING pc=0x000001e700049429 sp=0x00000079c8ffde50 mode 2

Classes unloaded (0 events):
No events

Classes redefined (0 events):
No events

Internal exceptions (10 events):
Event: 0.303 Thread 0x000001e77688b000 Exception <a 'java/lang/ClassNotFoundException'{0x00000000c6cd6d08}: sun/awt/resources/spi/awtProvider> (0x00000000c6cd6d08) 
thrown [t:/workspace/open/src/hotspot/share/classfile/systemDictionary.cpp, line 232]
Event: 0.393 Thread 0x000001e77688b000 Exception <a 'java/io/FileNotFoundException'{0x00000000c6b2c548}> (0x00000000c6b2c548) 
thrown [t:/workspace/open/src/hotspot/share/prims/jni.cpp, line 598]
Event: 0.425 Thread 0x000001e77688b000 Exception <a 'java/io/FileNotFoundException'{0x00000000c6b52e08}> (0x00000000c6b52e08) 
thrown [t:/workspace/open/src/hotspot/share/prims/jni.cpp, line 598]
Event: 0.621 Thread 0x000001e77fe4d000 Exception <a 'java/lang/NoSuchMethodError'{0x00000000c6bdc840}: 'void java.lang.invoke.DirectMethodHandle$Holder.invokeSpecial(java.lang.Object, java.lang.Object)'> (0x00000000c6bdc840) 
thrown [t:/workspace/open/src/hotspot/share/interpreter/linkResolver.cpp, line 767]
Event: 0.796 Thread 0x000001e77688b000 Exception <a 'java/lang/NoSuchMethodError'{0x00000000c6a3c968}: 'java.lang.Object java.lang.invoke.DirectMethodHandle$Holder.invokeStatic(java.lang.Object, int, java.lang.Object, java.lang.Object, java.lang.Object, java.lang.Object)'> (0x00000000c6a3c968) 
thrown [t:/workspace/open/src/hotspot/share/interpreter/linkResolver.cpp, line 767]
Event: 0.797 Thread 0x000001e77688b000 Exception <a 'java/lang/NoSuchMethodError'{0x00000000c6a432c8}: 'java.lang.Object java.lang.invoke.DirectMethodHandle$Holder.invokeStatic(java.lang.Object, int, java.lang.Object, java.lang.Object, java.lang.Object)'> (0x00000000c6a432c8) 
thrown [t:/workspace/open/src/hotspot/share/interpreter/linkResolver.cpp, line 767]
Event: 0.797 Thread 0x000001e77688b000 Exception <a 'java/lang/NoSuchMethodError'{0x00000000c6a46b30}: 'java.lang.Object java.lang.invoke.DirectMethodHandle$Holder.invokeSpecial(java.lang.Object, java.lang.Object, int, java.lang.Object, java.lang.Object, java.lang.Object)'> (0x00000000c6a46b30) 
thrown [t:/workspace/open/src/hotspot/share/interpreter/linkResolver.cpp, line 767]
Event: 0.803 Thread 0x000001e77688b000 Exception <a 'java/lang/NoSuchMethodError'{0x00000000c6a5d0c8}: 'java.lang.Object java.lang.invoke.DirectMethodHandle$Holder.invokeStatic(java.lang.Object, int, java.lang.Object)'> (0x00000000c6a5d0c8) 
thrown [t:/workspace/open/src/hotspot/share/interpreter/linkResolver.cpp, line 767]
Event: 0.860 Thread 0x000001e77688b000 Exception <a 'java/lang/ClassNotFoundException'{0x00000000c6900a58}: com/sun/swing/internal/plaf/metal/resources/spi/metalProvider> (0x00000000c6900a58) 
thrown [t:/workspace/open/src/hotspot/share/classfile/systemDictionary.cpp, line 232]
Event: 0.863 Thread 0x000001e77688b000 Exception <a 'java/lang/ClassNotFoundException'{0x00000000c6904f10}: com/sun/swing/internal/plaf/basic/resources/spi/basicProvider> (0x00000000c6904f10) 
thrown [t:/workspace/open/src/hotspot/share/classfile/systemDictionary.cpp, line 232]

Events (20 events):
Event: 1.540 loading class sun/awt/windows/WCanvasPeer done
Event: 1.540 loading class sun/awt/windows/WPanelPeer done
Event: 1.540 loading class sun/awt/windows/WWindowPeer done
Event: 1.541 loading class sun/awt/windows/WFramePeer done
Event: 1.541 loading class sun/awt/windows/WWindowPeer$ActiveWindowListener
Event: 1.542 loading class sun/awt/windows/WWindowPeer$ActiveWindowListener done
Event: 1.542 loading class sun/awt/windows/WWindowPeer$GuiDisposedListener
Event: 1.542 loading class sun/awt/windows/WWindowPeer$GuiDisposedListener done
Event: 1.542 loading class sun/awt/RepaintArea
Event: 1.542 loading class sun/awt/RepaintArea done
Event: 1.543 loading class sun/awt/ExtendedKeyCodes
Event: 1.543 loading class sun/awt/ExtendedKeyCodes done
Event: 1.546 loading class sun/awt/EmbeddedFrame
Event: 1.547 loading class sun/awt/EmbeddedFrame done
Event: 1.547 loading class sun/awt/LightweightFrame
Event: 1.548 loading class sun/awt/LightweightFrame done
Event: 1.549 Executing VM operation: RevokeBias
Event: 1.549 Executing VM operation: RevokeBias done
Event: 1.549 loading class sun/awt/im/InputMethodWindow
Event: 1.549 loading class sun/awt/im/InputMethodWindow done


Dynamic libraries:
0x00007ff75b060000 - 0x00007ff75b06f000 	C:\Program Files\Java\jdk-13.0.2\bin\javaw.exe
0x00007ffe9e2e0000 - 0x00007ffe9e4d0000 	C:\WINDOWS\SYSTEM32\ntdll.dll
0x00007ffe9cbb0000 - 0x00007ffe9cc62000 	C:\WINDOWS\System32\KERNEL32.DLL
0x00007ffe9b670000 - 0x00007ffe9b915000 	C:\WINDOWS\System32\KERNELBASE.dll
0x00007ffe9b290000 - 0x00007ffe9b38a000 	C:\WINDOWS\System32\ucrtbase.dll
0x00007ffe8b090000 - 0x00007ffe8b0a8000 	C:\Program Files\Java\jdk-13.0.2\bin\jli.dll
0x00007ffe85aa0000 - 0x00007ffe85ab5000 	C:\Program Files\Java\jdk-13.0.2\bin\VCRUNTIME140.dll
0x00007ffe9e1f0000 - 0x00007ffe9e293000 	C:\WINDOWS\System32\ADVAPI32.dll
0x00007ffe9dfd0000 - 0x00007ffe9e06e000 	C:\WINDOWS\System32\msvcrt.dll
0x00007ffe9c6a0000 - 0x00007ffe9c737000 	C:\WINDOWS\System32\sechost.dll
0x00007ffe9c490000 - 0x00007ffe9c5af000 	C:\WINDOWS\System32\RPCRT4.dll
0x00007ffe9cc70000 - 0x00007ffe9ce04000 	C:\WINDOWS\System32\USER32.dll
0x00007ffe9b9c0000 - 0x00007ffe9b9e1000 	C:\WINDOWS\System32\win32u.dll
0x00007ffe9c5b0000 - 0x00007ffe9c5d6000 	C:\WINDOWS\System32\GDI32.dll
0x00007ffe87a40000 - 0x00007ffe87cc4000 	C:\WINDOWS\WinSxS\amd64_microsoft.windows.common-controls_6595b64144ccf1df_6.0.18362.1379_none_9e7ff3b3e45cc0c4\COMCTL32.dll
0x00007ffe9c170000 - 0x00007ffe9c308000 	C:\WINDOWS\System32\gdi32full.dll
0x00007ffe9d170000 - 0x00007ffe9d4a7000 	C:\WINDOWS\System32\combase.dll
0x00007ffe9b4e0000 - 0x00007ffe9b561000 	C:\WINDOWS\System32\bcryptPrimitives.dll
0x00007ffe9b920000 - 0x00007ffe9b9be000 	C:\WINDOWS\System32\msvcp_win.dll
0x00007ffe92e70000 - 0x00007ffe92e7a000 	C:\WINDOWS\SYSTEM32\VERSION.dll
0x00007ffe9c460000 - 0x00007ffe9c48e000 	C:\WINDOWS\System32\IMM32.DLL
0x00007ffe7bb10000 - 0x00007ffe7bbab000 	C:\Program Files\Java\jdk-13.0.2\bin\msvcp140.dll
0x00007ffe35520000 - 0x00007ffe3607d000 	C:\Program Files\Java\jdk-13.0.2\bin\server\jvm.dll
0x00007ffe9df60000 - 0x00007ffe9df68000 	C:\WINDOWS\System32\PSAPI.DLL
0x00007ffe97750000 - 0x00007ffe97774000 	C:\WINDOWS\SYSTEM32\WINMM.dll
0x00007ffe88a30000 - 0x00007ffe88a39000 	C:\WINDOWS\SYSTEM32\WSOCK32.dll
0x00007ffe9def0000 - 0x00007ffe9df5f000 	C:\WINDOWS\System32\WS2_32.dll
0x00007ffe97720000 - 0x00007ffe9774d000 	C:\WINDOWS\SYSTEM32\WINMMBASE.dll
0x00007ffe9b570000 - 0x00007ffe9b5ba000 	C:\WINDOWS\System32\cfgmgr32.dll
0x00007ffe9b1a0000 - 0x00007ffe9b1b1000 	C:\WINDOWS\System32\kernel.appcore.dll
0x00007ffe97560000 - 0x00007ffe97570000 	C:\Program Files\Java\jdk-13.0.2\bin\verify.dll
0x00007ffe98e10000 - 0x00007ffe99004000 	C:\WINDOWS\SYSTEM32\DBGHELP.DLL
0x00007ffe880c0000 - 0x00007ffe880ea000 	C:\WINDOWS\SYSTEM32\dbgcore.DLL
0x00007ffe7b600000 - 0x00007ffe7b626000 	C:\Program Files\Java\jdk-13.0.2\bin\java.dll
0x00007ffe7b690000 - 0x00007ffe7b6a7000 	C:\Program Files\Java\jdk-13.0.2\bin\zip.dll
0x00007ffe97310000 - 0x00007ffe9731a000 	C:\Program Files\Java\jdk-13.0.2\bin\jimage.dll
0x00007ffe9d580000 - 0x00007ffe9dc68000 	C:\WINDOWS\System32\SHELL32.dll
0x00007ffe9c5e0000 - 0x00007ffe9c687000 	C:\WINDOWS\System32\shcore.dll
0x00007ffe9b9f0000 - 0x00007ffe9c16b000 	C:\WINDOWS\System32\windows.storage.dll
0x00007ffe9b1c0000 - 0x00007ffe9b1e3000 	C:\WINDOWS\System32\profapi.dll
0x00007ffe9b1f0000 - 0x00007ffe9b23a000 	C:\WINDOWS\System32\powrprof.dll
0x00007ffe9b190000 - 0x00007ffe9b1a0000 	C:\WINDOWS\System32\UMPDC.dll
0x00007ffe9de20000 - 0x00007ffe9de72000 	C:\WINDOWS\System32\shlwapi.dll
0x00007ffe9c370000 - 0x00007ffe9c387000 	C:\WINDOWS\System32\cryptsp.dll
0x00007ffe7b580000 - 0x00007ffe7b599000 	C:\Program Files\Java\jdk-13.0.2\bin\net.dll
0x00007ffe8dc20000 - 0x00007ffe8dd10000 	C:\WINDOWS\SYSTEM32\WINHTTP.dll
0x00007ffe9a970000 - 0x00007ffe9a9d7000 	C:\WINDOWS\system32\mswsock.dll
0x00007ffe78f70000 - 0x00007ffe78f83000 	C:\Program Files\Java\jdk-13.0.2\bin\nio.dll
0x00007ffe665e0000 - 0x00007ffe66779000 	C:\Program Files\Java\jdk-13.0.2\bin\awt.dll
0x00007ffe9c390000 - 0x00007ffe9c455000 	C:\WINDOWS\System32\OLEAUT32.dll
0x00007ffe98d80000 - 0x00007ffe98e0f000 	C:\WINDOWS\SYSTEM32\apphelp.dll
0x00007ffe995c0000 - 0x00007ffe995ed000 	C:\WINDOWS\system32\DWMAPI.DLL
0x00007ffe991a0000 - 0x00007ffe99239000 	C:\WINDOWS\system32\uxtheme.dll
0x00007ffe75b10000 - 0x00007ffe75c66000 	C:\WINDOWS\system32\opengl32.dll
0x00007ffe79e80000 - 0x00007ffe79eac000 	C:\WINDOWS\SYSTEM32\GLU32.dll
0x00007ffe99dd0000 - 0x00007ffe99df0000 	C:\WINDOWS\SYSTEM32\dxcore.dll
0x00007ffe9ce10000 - 0x00007ffe9cf45000 	C:\WINDOWS\System32\MSCTF.dll
0x00007ffe9e070000 - 0x00007ffe9e1c7000 	C:\WINDOWS\System32\ole32.dll
0x00007ffe790e0000 - 0x00007ffe79162000 	C:\Program Files\Java\jdk-13.0.2\bin\freetype.dll
0x00007ffe6d1a0000 - 0x00007ffe6d246000 	C:\Program Files\Java\jdk-13.0.2\bin\fontmanager.dll

dbghelp: loaded successfully - version: 4.0.5 - missing functions: none
symbol engine: initialized successfully - sym options: 0x614 - pdb path: .;C:\Program Files\Java\jdk-13.0.2\bin;C:\WINDOWS\SYSTEM32;C:\WINDOWS\WinSxS\amd64_microsoft.windows.common-controls_6595b64144ccf1df_6.0.18362.1379_none_9e7ff3b3e45cc0c4;C:\Program Files\Java\jdk-13.0.2\bin\server

VM Arguments:
jvm_args: -Dfile.encoding=Cp1252 
java_command: Assignment.Window1
java_class_path (initial): C:\Users\Ayat.qi\Java\eclipse\Final Assignment\bin;C:\Program Files\Java\javafx-sdk-15.0.1\lib\javafx.base.jar;C:\Program Files\Java\javafx-sdk-15.0.1\lib\javafx.controls.jar;C:\Program Files\Java\javafx-sdk-15.0.1\lib\javafx.fxml.jar;C:\Program Files\Java\javafx-sdk-15.0.1\lib\javafx.graphics.jar;C:\Program Files\Java\javafx-sdk-15.0.1\lib\javafx.media.jar;C:\Program Files\Java\javafx-sdk-15.0.1\lib\javafx.swing.jar;C:\Program Files\Java\javafx-sdk-15.0.1\lib\javafx.web.jar;C:\Program Files\Java\javafx-sdk-15.0.1\lib\javafx-swt.jar
Launcher Type: SUN_STANDARD

[Global flags]
     intx CICompilerCount                          = 3                                         {product} {ergonomic}
     uint ConcGCThreads                            = 1                                         {product} {ergonomic}
     uint G1ConcRefinementThreads                  = 4                                         {product} {ergonomic}
   size_t G1HeapRegionSize                         = 1048576                                   {product} {ergonomic}
    uintx GCDrainStackTargetSize                   = 64                                        {product} {ergonomic}
   size_t InitialHeapSize                          = 65011712                                  {product} {ergonomic}
   size_t MarkStackSize                            = 4194304                                   {product} {ergonomic}
   size_t MaxHeapSize                              = 1023410176                                {product} {ergonomic}
   size_t MaxNewSize                               = 613416960                                 {product} {ergonomic}
   size_t MinHeapDeltaBytes                        = 1048576                                   {product} {ergonomic}
   size_t MinHeapSize                              = 8388608                                   {product} {ergonomic}
    uintx NonNMethodCodeHeapSize                   = 5832780                                {pd product} {ergonomic}
    uintx NonProfiledCodeHeapSize                  = 122912730                              {pd product} {ergonomic}
    uintx ProfiledCodeHeapSize                     = 122912730                              {pd product} {ergonomic}
    uintx ReservedCodeCacheSize                    = 251658240                              {pd product} {ergonomic}
     bool SegmentedCodeCache                       = true                                      {product} {ergonomic}
   size_t SoftMaxHeapSize                          = 1023410176                             {manageable} {ergonomic}
     bool UseCompressedClassPointers               = true                                 {lp64_product} {ergonomic}
     bool UseCompressedOops                        = true                                 {lp64_product} {ergonomic}
     bool UseG1GC                                  = true                                      {product} {ergonomic}
     bool UseLargePagesIndividualAllocation        = false                                  {pd product} {ergonomic}

Logging:
Log output configuration:
 #0: stdout all=warning uptime,level,tags
 #1: stderr all=off uptime,level,tags

Environment Variables:
JAVA_HOME=C:\Program Files\Java\jdk-14.0.2\bin
PATH=C:/Program Files/Java/jdk-13.0.2/bin/server;C:/Program Files/Java/jdk-13.0.2/bin;C:\Program Files (x86)\Intel\TXE Components\iCLS\;C:\Program Files\Intel\TXE Components\iCLS\;C:\WINDOWS\system32;C:\WINDOWS;C:\WINDOWS\System32\Wbem;C:\WINDOWS\System32\WindowsPowerShell\v1.0\;C:\WINDOWS\System32\OpenSSH\;C:\Program Files\Intel\TXE Components\DAL\;C:\Program Files (x86)\Intel\TXE Components\DAL\;C:\Program Files\Intel\TXE Components\IPT\;C:\Program Files (x86)\Intel\TXE Components\IPT\;C:\Program Files\Intel\WiFi\bin\;C:\Program Files\Common Files\Intel\WirelessCommon\;C:\Program Files (x86)\Brackets\command;C:\Program Files\Java\jdk-14.0.2\bin;C:\Users\Ayat.qi\AppData\Local\Microsoft\WindowsApps;C:\Users\Ayat.qi\AppData\Local\atom\bin;C:\Users\Ayat.qi\Desktop;
USERNAME=Ayat.qi
OS=Windows_NT
PROCESSOR_IDENTIFIER=Intel64 Family 6 Model 122 Stepping 1, GenuineIntel



---------------  S Y S T E M  ---------------

OS: Windows 10 , 64 bit Build 18362 (10.0.18362.1350)

CPU:total 4 (initial active 4) (4 cores per cpu, 1 threads per core) family 6 model 122 stepping 1, cmov, cx8, fxsr, mmx, sse, sse2, sse3, ssse3, sse4.1, sse4.2, popcnt, aes, clmul, erms, 3dnowpref, tsc, tscinvbit, sha

Memory: 4k page, system-wide physical 3902M (329M free)
TotalPageFile size 15678M (AvailPageFile size 0M)
current process WorkingSet (physical memory assigned to process): 54M, peak: 54M
current process commit charge ("private bytes"): 146M, peak: 146M

vm_info: Java HotSpot(TM) 64-Bit Server VM (13.0.2+8) for windows-amd64 JRE (13.0.2+8), built on Dec 11 2019 09:20:33 by "mach5one" with unknown MS VC++:1916

END.
