#
# There is insufficient memory for the Java Runtime Environment to continue.
# Native memory allocation (mmap) failed to map 65011712 bytes for Failed to commit area from 0x00000000c3000000 to 0x00000000c6e00000 of length 65011712.
# Possible reasons:
#   The system is out of physical RAM or swap space
#   The process is running with CompressedOops enabled, and the Java Heap may be blocking the growth of the native heap
# Possible solutions:
#   Reduce memory load on the system
#   Increase physical memory or swap space
#   Check if swap backing store is full
#   Decrease Java heap size (-Xmx/-Xms)
#   Decrease number of Java threads
#   Decrease Java thread stack sizes (-Xss)
#   Set larger code cache with -XX:ReservedCodeCacheSize=
# This output file may be truncated or incomplete.
#
#  Out of Memory Error (t:/workspace/open/src/hotspot/os/windows/os_windows.cpp:3301), pid=9296, tid=10312
#
# JRE version:  (13.0.2+8) (build )
# Java VM: Java HotSpot(TM) 64-Bit Server VM (13.0.2+8, mixed mode, aot, sharing, tiered, compressed oops, g1 gc, windows-amd64)
# No core dump will be written. Minidumps are not enabled by default on client versions of Windows
#

---------------  S U M M A R Y ------------

Command Line: -Dfile.encoding=Cp1252 Assignment.Window1

Host: Intel(R) Pentium(R) Silver N5000 CPU @ 1.10GHz, 4 cores, 3G,  Windows 10 , 64 bit Build 18362 (10.0.18362.1350)
Time: Fri Feb 26 00:08:37 2021 Malay Peninsula Standard Time elapsed time: 0 seconds (0d 0h 0m 0s)

---------------  T H R E A D  ---------------

Current thread (0x000001458c86c800):  JavaThread "Unknown thread" [_thread_in_vm, id=10312, stack(0x00000039bbf00000,0x00000039bc000000)]

Stack: [0x00000039bbf00000,0x00000039bc000000]
Native frames: (J=compiled Java code, j=interpreted, Vv=VM code, C=native code)
V  [jvm.dll+0x624f9a]
V  [jvm.dll+0x770cfa]
V  [jvm.dll+0x7724af]
V  [jvm.dll+0x772ab3]
V  [jvm.dll+0x24bf08]
V  [jvm.dll+0x6222aa]
V  [jvm.dll+0x6170b5]
V  [jvm.dll+0x30a88c]
V  [jvm.dll+0x30a6c2]
V  [jvm.dll+0x30fe36]
V  [jvm.dll+0x353f46]
V  [jvm.dll+0x353720]
V  [jvm.dll+0x2e550a]
V  [jvm.dll+0x2e67a2]
V  [jvm.dll+0x74dd78]
V  [jvm.dll+0x361989]
V  [jvm.dll+0x730e65]
V  [jvm.dll+0x3cc53f]
V  [jvm.dll+0x3ce861]
C  [jli.dll+0x51ff]
C  [ucrtbase.dll+0x210b2]
C  [KERNEL32.DLL+0x17c24]
C  [ntdll.dll+0x6d721]


---------------  P R O C E S S  ---------------

Threads class SMR info:
_java_thread_list=0x00007ffe35fdccb8, length=0, elements={
}

Java Threads: ( => current thread )

Other Threads:
  0x000001458c89d800 GCTaskThread "GC Thread#0" [stack: 0x00000039bc000000,0x00000039bc100000] [id=8576]
  0x000001458c8a7800 ConcurrentGCThread "G1 Main Marker" [stack: 0x00000039bc100000,0x00000039bc200000] [id=15516]
  0x000001458c8a8800 ConcurrentGCThread "G1 Conc#0" [stack: 0x00000039bc200000,0x00000039bc300000] [id=8188]

[error occurred during error reporting (printing all threads), id 0xc0000005, EXCEPTION_ACCESS_VIOLATION (0xc0000005) at pc=0x00007ffe358151d7]

VM state:not at safepoint (not fully initialized)

VM Mutex/Monitor currently owned by a thread:  ([mutex/lock_event])
[0x000001458c868a90] Heap_lock - owner thread: 0x000001458c86c800

Heap address: 0x00000000c3000000, size: 976 MB, Compressed Oops mode: Non-zero based: 0x00000000c3000000
Narrow klass base: 0x0000000000000000, Narrow klass shift: 0

GC Heap History (0 events):
No events

Deoptimization events (0 events):
No events

Classes unloaded (0 events):
No events

Classes redefined (0 events):
No events

Internal exceptions (0 events):
No events

Events (8 events):
Event: 0.010 Loaded shared library C:\Program Files\Java\jdk-13.0.2\bin\zip.dll
Event: 0.011 Loaded shared library C:\Program Files\Java\jdk-13.0.2\bin\jimage.dll
Event: 0.014 Loading shared library C:\Program Files\Java\jdk-13.0.2\lib\libjava.base-coop.dll failed, error code 126
Event: 0.014 Loading shared library C:\Program Files\Java\jdk-13.0.2\lib\libjava.logging-coop.dll failed, error code 126
Event: 0.014 Loading shared library C:\Program Files\Java\jdk-13.0.2\lib\libjdk.compiler-coop.dll failed, error code 126
Event: 0.014 Loading shared library C:\Program Files\Java\jdk-13.0.2\lib\libjdk.scripting.nashorn-coop.dll failed, error code 126
Event: 0.014 Loading shared library C:\Program Files\Java\jdk-13.0.2\lib\libjdk.internal.vm.ci-coop.dll failed, error code 126
Event: 0.014 Loading shared library C:\Program Files\Java\jdk-13.0.2\lib\libjdk.internal.vm.compiler-coop.dll failed, error code 126


Dynamic libraries:
0x00007ff75b060000 - 0x00007ff75b06f000 	C:\Program Files\Java\jdk-13.0.2\bin\javaw.exe
0x00007ffe9e2e0000 - 0x00007ffe9e4d0000 	C:\WINDOWS\SYSTEM32\ntdll.dll
0x00007ffe9cbb0000 - 0x00007ffe9cc62000 	C:\WINDOWS\System32\KERNEL32.DLL
0x00007ffe9b670000 - 0x00007ffe9b915000 	C:\WINDOWS\System32\KERNELBASE.dll
0x00007ffe9b290000 - 0x00007ffe9b38a000 	C:\WINDOWS\System32\ucrtbase.dll
0x00007ffe8b090000 - 0x00007ffe8b0a8000 	C:\Program Files\Java\jdk-13.0.2\bin\jli.dll
0x00007ffe85aa0000 - 0x00007ffe85ab5000 	C:\Program Files\Java\jdk-13.0.2\bin\VCRUNTIME140.dll
0x00007ffe9e1f0000 - 0x00007ffe9e293000 	C:\WINDOWS\System32\ADVAPI32.dll
0x00007ffe9dfd0000 - 0x00007ffe9e06e000 	C:\WINDOWS\System32\msvcrt.dll
0x00007ffe9c6a0000 - 0x00007ffe9c737000 	C:\WINDOWS\System32\sechost.dll
0x00007ffe9c490000 - 0x00007ffe9c5af000 	C:\WINDOWS\System32\RPCRT4.dll
0x00007ffe9cc70000 - 0x00007ffe9ce04000 	C:\WINDOWS\System32\USER32.dll
0x00007ffe9b9c0000 - 0x00007ffe9b9e1000 	C:\WINDOWS\System32\win32u.dll
0x00007ffe9c5b0000 - 0x00007ffe9c5d6000 	C:\WINDOWS\System32\GDI32.dll
0x00007ffe87a40000 - 0x00007ffe87cc4000 	C:\WINDOWS\WinSxS\amd64_microsoft.windows.common-controls_6595b64144ccf1df_6.0.18362.1379_none_9e7ff3b3e45cc0c4\COMCTL32.dll
0x00007ffe9c170000 - 0x00007ffe9c308000 	C:\WINDOWS\System32\gdi32full.dll
0x00007ffe9d170000 - 0x00007ffe9d4a7000 	C:\WINDOWS\System32\combase.dll
0x00007ffe9b920000 - 0x00007ffe9b9be000 	C:\WINDOWS\System32\msvcp_win.dll
0x00007ffe9b4e0000 - 0x00007ffe9b561000 	C:\WINDOWS\System32\bcryptPrimitives.dll
0x00007ffe92e70000 - 0x00007ffe92e7a000 	C:\WINDOWS\SYSTEM32\VERSION.dll
0x00007ffe9c460000 - 0x00007ffe9c48e000 	C:\WINDOWS\System32\IMM32.DLL
0x00007ffe7bb10000 - 0x00007ffe7bbab000 	C:\Program Files\Java\jdk-13.0.2\bin\msvcp140.dll
0x00007ffe35520000 - 0x00007ffe3607d000 	C:\Program Files\Java\jdk-13.0.2\bin\server\jvm.dll
0x00007ffe9df60000 - 0x00007ffe9df68000 	C:\WINDOWS\System32\PSAPI.DLL
0x00007ffe88a30000 - 0x00007ffe88a39000 	C:\WINDOWS\SYSTEM32\WSOCK32.dll
0x00007ffe97750000 - 0x00007ffe97774000 	C:\WINDOWS\SYSTEM32\WINMM.dll
0x00007ffe9def0000 - 0x00007ffe9df5f000 	C:\WINDOWS\System32\WS2_32.dll
0x00007ffe97720000 - 0x00007ffe9774d000 	C:\WINDOWS\SYSTEM32\WINMMBASE.dll
0x00007ffe9b570000 - 0x00007ffe9b5ba000 	C:\WINDOWS\System32\cfgmgr32.dll
0x00007ffe9b1a0000 - 0x00007ffe9b1b1000 	C:\WINDOWS\System32\kernel.appcore.dll
0x00007ffe97560000 - 0x00007ffe97570000 	C:\Program Files\Java\jdk-13.0.2\bin\verify.dll
0x00007ffe98e10000 - 0x00007ffe99004000 	C:\WINDOWS\SYSTEM32\DBGHELP.DLL
0x00007ffe880c0000 - 0x00007ffe880ea000 	C:\WINDOWS\SYSTEM32\dbgcore.DLL
0x00007ffe7b600000 - 0x00007ffe7b626000 	C:\Program Files\Java\jdk-13.0.2\bin\java.dll
0x00007ffe7b690000 - 0x00007ffe7b6a7000 	C:\Program Files\Java\jdk-13.0.2\bin\zip.dll
0x00007ffe97310000 - 0x00007ffe9731a000 	C:\Program Files\Java\jdk-13.0.2\bin\jimage.dll

dbghelp: loaded successfully - version: 4.0.5 - missing functions: none
symbol engine: initialized successfully - sym options: 0x614 - pdb path: .;C:\Program Files\Java\jdk-13.0.2\bin;C:\WINDOWS\SYSTEM32;C:\WINDOWS\WinSxS\amd64_microsoft.windows.common-controls_6595b64144ccf1df_6.0.18362.1379_none_9e7ff3b3e45cc0c4;C:\Program Files\Java\jdk-13.0.2\bin\server

VM Arguments:
jvm_args: -Dfile.encoding=Cp1252 
java_command: Assignment.Window1
java_class_path (initial): C:\Users\Ayat.qi\Java\eclipse\Final Assignment\bin;C:\Program Files\Java\javafx-sdk-15.0.1\lib\javafx.base.jar;C:\Program Files\Java\javafx-sdk-15.0.1\lib\javafx.controls.jar;C:\Program Files\Java\javafx-sdk-15.0.1\lib\javafx.fxml.jar;C:\Program Files\Java\javafx-sdk-15.0.1\lib\javafx.graphics.jar;C:\Program Files\Java\javafx-sdk-15.0.1\lib\javafx.media.jar;C:\Program Files\Java\javafx-sdk-15.0.1\lib\javafx.swing.jar;C:\Program Files\Java\javafx-sdk-15.0.1\lib\javafx.web.jar;C:\Program Files\Java\javafx-sdk-15.0.1\lib\javafx-swt.jar
Launcher Type: SUN_STANDARD

[Global flags]
     intx CICompilerCount                          = 3                                         {product} {ergonomic}
     uint ConcGCThreads                            = 1                                         {product} {ergonomic}
     uint G1ConcRefinementThreads                  = 4                                         {product} {ergonomic}
   size_t G1HeapRegionSize                         = 1048576                                   {product} {ergonomic}
    uintx GCDrainStackTargetSize                   = 64                                        {product} {ergonomic}
   size_t InitialHeapSize                          = 65011712                                  {product} {ergonomic}
   size_t MarkStackSize                            = 4194304                                   {product} {ergonomic}
   size_t MaxHeapSize                              = 1023410176                                {product} {ergonomic}
   size_t MinHeapDeltaBytes                        = 1048576                                   {product} {ergonomic}
   size_t MinHeapSize                              = 8388608                                   {product} {ergonomic}
    uintx NonNMethodCodeHeapSize                   = 5832780                                {pd product} {ergonomic}
    uintx NonProfiledCodeHeapSize                  = 122912730                              {pd product} {ergonomic}
    uintx ProfiledCodeHeapSize                     = 122912730                              {pd product} {ergonomic}
    uintx ReservedCodeCacheSize                    = 251658240                              {pd product} {ergonomic}
     bool SegmentedCodeCache                       = true                                      {product} {ergonomic}
   size_t SoftMaxHeapSize                          = 1023410176                             {manageable} {ergonomic}
     bool UseCompressedClassPointers               = true                                 {lp64_product} {ergonomic}
     bool UseCompressedOops                        = true                                 {lp64_product} {ergonomic}
     bool UseG1GC                                  = true                                      {product} {ergonomic}
     bool UseLargePagesIndividualAllocation        = false                                  {pd product} {ergonomic}

Logging:
Log output configuration:
 #0: stdout all=warning uptime,level,tags
 #1: stderr all=off uptime,level,tags

Environment Variables:
JAVA_HOME=C:\Program Files\Java\jdk-14.0.2\bin
PATH=C:/Program Files/Java/jdk-13.0.2/bin/server;C:/Program Files/Java/jdk-13.0.2/bin;C:\Program Files (x86)\Intel\TXE Components\iCLS\;C:\Program Files\Intel\TXE Components\iCLS\;C:\WINDOWS\system32;C:\WINDOWS;C:\WINDOWS\System32\Wbem;C:\WINDOWS\System32\WindowsPowerShell\v1.0\;C:\WINDOWS\System32\OpenSSH\;C:\Program Files\Intel\TXE Components\DAL\;C:\Program Files (x86)\Intel\TXE Components\DAL\;C:\Program Files\Intel\TXE Components\IPT\;C:\Program Files (x86)\Intel\TXE Components\IPT\;C:\Program Files\Intel\WiFi\bin\;C:\Program Files\Common Files\Intel\WirelessCommon\;C:\Program Files (x86)\Brackets\command;C:\Program Files\Java\jdk-14.0.2\bin;C:\Users\Ayat.qi\AppData\Local\Microsoft\WindowsApps;C:\Users\Ayat.qi\AppData\Local\atom\bin;C:\Users\Ayat.qi\Desktop;
USERNAME=Ayat.qi
OS=Windows_NT
PROCESSOR_IDENTIFIER=Intel64 Family 6 Model 122 Stepping 1, GenuineIntel



---------------  S Y S T E M  ---------------

OS: Windows 10 , 64 bit Build 18362 (10.0.18362.1350)

CPU:total 4 (initial active 4) (4 cores per cpu, 1 threads per core) family 6 model 122 stepping 1, cmov, cx8, fxsr, mmx, sse, sse2, sse3, ssse3, sse4.1, sse4.2, popcnt, aes, clmul, erms, 3dnowpref, tsc, tscinvbit, sha

Memory: 4k page, system-wide physical 3902M (352M free)
TotalPageFile size 15678M (AvailPageFile size 6M)
current process WorkingSet (physical memory assigned to process): 9M, peak: 9M
current process commit charge ("private bytes"): 51M, peak: 113M

vm_info: Java HotSpot(TM) 64-Bit Server VM (13.0.2+8) for windows-amd64 JRE (13.0.2+8), built on Dec 11 2019 09:20:33 by "mach5one" with unknown MS VC++:1916

END.
